<?xml version="1.0" encoding="UTF-8"?>
<testng-results skipped="0" failed="0" ignored="0" total="7" passed="7">
  <reporter-output>
  </reporter-output>
  <suite name="Default suite" duration-ms="11553" started-at="2019-01-25T08:24:46Z" finished-at="2019-01-25T08:24:58Z">
    <groups>
    </groups>
    <test name="Default test" duration-ms="11553" started-at="2019-01-25T08:24:46Z" finished-at="2019-01-25T08:24:58Z">
      <class name="Todolist.Automation">
        <test-method status="PASS" signature="openwebpage()[pri:0, instance:Todolist.Automation@7c16905e]" name="openwebpage" is-config="true" duration-ms="5417" started-at="2019-01-25T08:24:46Z" finished-at="2019-01-25T08:24:52Z">
          <reporter-output>
          </reporter-output>
        </test-method> <!-- openwebpage -->
        <test-method status="PASS" signature="Togglefunctionality()[pri:1, instance:Todolist.Automation@7c16905e]" name="Togglefunctionality" duration-ms="624" started-at="2019-01-25T08:24:52Z" finished-at="2019-01-25T08:24:52Z">
          <reporter-output>
          </reporter-output>
        </test-method> <!-- Togglefunctionality -->
        <test-method status="PASS" signature="Addcategory()[pri:2, instance:Todolist.Automation@7c16905e]" name="Addcategory" duration-ms="791" started-at="2019-01-25T08:24:52Z" finished-at="2019-01-25T08:24:53Z">
          <reporter-output>
          </reporter-output>
        </test-method> <!-- Addcategory -->
        <test-method status="PASS" signature="Createitem()[pri:3, instance:Todolist.Automation@7c16905e]" name="Createitem" duration-ms="1249" started-at="2019-01-25T08:24:53Z" finished-at="2019-01-25T08:24:54Z">
          <reporter-output>
          </reporter-output>
        </test-method> <!-- Createitem -->
        <test-method status="PASS" signature="Editaddeditem()[pri:4, instance:Todolist.Automation@7c16905e]" name="Editaddeditem" duration-ms="429" started-at="2019-01-25T08:24:54Z" finished-at="2019-01-25T08:24:55Z">
          <reporter-output>
          </reporter-output>
        </test-method> <!-- Editaddeditem -->
        <test-method status="PASS" signature="Completeitem()[pri:5, instance:Todolist.Automation@7c16905e]" name="Completeitem" duration-ms="505" started-at="2019-01-25T08:24:55Z" finished-at="2019-01-25T08:24:55Z">
          <reporter-output>
          </reporter-output>
        </test-method> <!-- Completeitem -->
        <test-method status="PASS" signature="Deleteitem()[pri:6, instance:Todolist.Automation@7c16905e]" name="Deleteitem" duration-ms="480" started-at="2019-01-25T08:24:55Z" finished-at="2019-01-25T08:24:56Z">
          <reporter-output>
          </reporter-output>
        </test-method> <!-- Deleteitem -->
        <test-method status="PASS" signature="Deletecategory()[pri:7, instance:Todolist.Automation@7c16905e]" name="Deletecategory" duration-ms="441" started-at="2019-01-25T08:24:56Z" finished-at="2019-01-25T08:24:56Z">
          <reporter-output>
          </reporter-output>
        </test-method> <!-- Deletecategory -->
        <test-method status="PASS" signature="quitDriver()[pri:0, instance:Todolist.Automation@7c16905e]" name="quitDriver" is-config="true" duration-ms="1523" started-at="2019-01-25T08:24:56Z" finished-at="2019-01-25T08:24:58Z">
          <reporter-output>
          </reporter-output>
        </test-method> <!-- quitDriver -->
      </class> <!-- Todolist.Automation -->
    </test> <!-- Default test -->
  </suite> <!-- Default suite -->
</testng-results>
