<?xml version="1.0" encoding="UTF-8"?>
<!-- Generated by org.testng.reporters.JUnitXMLReporter -->
<testsuite hostname="DESKTOP-PJDAJA7" ignored="0" name="Default test" tests="7" failures="0" timestamp="25 Jan 2019 08:24:58 GMT" time="11.553" errors="0">
  <testcase name="Togglefunctionality" time="0.624" classname="Todolist.Automation"/>
  <testcase name="Addcategory" time="0.791" classname="Todolist.Automation"/>
  <testcase name="Createitem" time="1.249" classname="Todolist.Automation"/>
  <testcase name="Editaddeditem" time="0.429" classname="Todolist.Automation"/>
  <testcase name="Completeitem" time="0.505" classname="Todolist.Automation"/>
  <testcase name="Deleteitem" time="0.48" classname="Todolist.Automation"/>
  <testcase name="Deletecategory" time="0.441" classname="Todolist.Automation"/>
</testsuite> <!-- Default test -->
